0 0 0
2.8301408942427426 0.1644806808257291 -3.686762331235843 -7.2532997634661776 
3.686606284394767 0.08536825664475166 2.8338319491094 1.0897252083034727 
0.16789776928029349 -4.6470015392983735 -0.07843386987425667 -6.006031696085839 
0.0 0.0 0.0 1.0 
1 1 0
2.8321711848142734 0.15452555920251418 -3.6856346983371377 -7.271330827536508 
3.6851761267408283 0.08940764235437745 2.8355670589192896 0.9567196152229821 
0.1650703097669664 -4.647265025900015 -0.0679977430770406 -5.991812656950614 
0.0 0.0 0.0 1.0 
2 2 0
2.9949908395466505 0.11435696603053098 -3.55610927819006 -7.161886051537639 
3.554621913232263 0.10478177089216785 2.997107599921047 0.8367775252709287 
0.15381684730981804 -4.648105090305674 -0.019927119714754894 -5.959767398229463 
0.0 0.0 0.0 1.0 
3 3 0
3.4851147192561474 0.10137918101473646 -3.077770697405458 -7.001254263156801 
3.0767245403188213 0.08058435987939903 3.486578825014593 0.988106829484552 
0.12933255232038493 -4.648890620746135 -0.00668081041308981 -5.959118628519974 
0.0 0.0 0.0 1.0 
4 4 0
3.9215610093139865 0.08628779190589976 -2.498575175493172 -6.828380683615652 
2.498236993519862 0.04252634881840464 3.922495609862198 1.1046917569478127 
0.09562415019908126 -4.649700340218712 -0.010492520903715536 -5.917337737172192 
0.0 0.0 0.0 1.0 
5 5 0
4.135029726803057 0.09266996363452752 -2.126481104990481 -6.808199127151877 
2.1266253218058906 0.015022198694565104 4.1359626135739935 0.9012864235059902 
0.08928224394509116 -4.649744675921681 -0.029018707285940755 -5.874924814889248 
0.0 0.0 0.0 1.0 
6 6 0
4.362207761111699 -0.03079739526273198 -1.6121856363030085 -6.8111713726979435 
1.61239599181676 0.03623874466970596 4.362088081031653 0.8461896355152799 
-0.01632397208618448 -4.650451217386829 0.04466836484160439 -5.7299076240217905 
0.0 0.0 0.0 1.0 
7 7 0
4.518522669818895 -0.3309234393895502 -1.0499583150630432 -6.814886578387559 
1.0628432365068485 0.15560046557654628 4.524942377953617 0.78723553506016 
-0.2868463169354875 -4.636294969347264 0.226805488074628 -5.478163864243422 
0.0 0.0 0.0 1.0 
8 8 0
4.626156600426557 -0.4443815418528718 -0.17363983448798645 -6.696297710950603 
0.19168113691492747 0.18115047577761287 4.643210044501091 1.0575848922111937 
-0.4369016897988492 -4.625869791419479 0.19850912431264714 -5.365497579136937 
0.0 0.0 0.0 1.0 
9 9 0
4.578374790900696 -0.6430707774389969 0.5038880115056729 -6.688084467547364 
-0.475279328104724 0.2365400696142731 4.620295355956974 1.177153854761059 
-0.6644948093677896 -4.599940146835307 0.16714263165759408 -5.217888501029087 
0.0 0.0 0.0 1.0 
10 10 0
4.454459056769653 -0.7144703755217139 1.129731932370384 -6.718439799316558 
-1.1055478156420986 0.24016898444704407 4.510992298804641 1.2904277289730426 
-0.7513478634747887 -4.589207344630516 0.06019304836567999 -5.175316077000266 
0.0 0.0 0.0 1.0 
11 11 0
4.256033909384975 -0.7503499604746462 1.7181736383987738 -6.647087515553189 
-1.7036224463129037 0.2317991593585806 4.3212144661041165 1.2560732358176843 
-0.7828279138024531 -4.583908748666517 -0.06273667582036428 -5.185820936119875 
0.0 0.0 0.0 1.0 
12 12 0
3.9913481004472553 -0.7722068575229691 2.258718213433596 -6.6005348343553685 
-2.2535229676643938 0.23235460430336435 4.061601443536145 1.1819417596017359 
-0.7872458021636747 -4.580244883135727 -0.17476482429241852 -5.198706430533289 
0.0 0.0 0.0 1.0 
13 13 0
3.517402589921707 -0.776175558761188 2.941831082083749 -6.418145546806597 
-2.949705374775297 0.2321760236764155 3.5880740112360976 1.2760885769663064 
-0.7456933085859891 -4.579586109379505 -0.3166909229313537 -5.243781531939883 
0.0 0.0 0.0 1.0 
14 14 0
3.092953039755713 -0.7883940650530306 3.382456312288452 -6.456953986668355 
-3.4029801818150003 0.2177689366942007 3.1624794777223033 1.2756823485990876 
-0.6944947441852775 -4.578206587421914 -0.43205079506296634 -5.2325443096982776 
0.0 0.0 0.0 1.0 
15 15 0
2.6518168869542316 -0.8106112245137936 3.733594605304461 -6.436178739949124 
-3.7650173633923507 0.2178348581478683 2.7214265860440667 1.2598874203207404 
-0.6492191735080388 -4.574323212220625 -0.5320320200027394 -5.2412477981701135 
0.0 0.0 0.0 1.0 
16 16 0
2.1135770407291052 -0.8104709045302783 4.062621664940248 -6.433412446049809 
-4.102467947700493 0.22441681969928656 2.1790759074035138 1.3012514055999542 
-0.575782978948512 -4.57402885737336 -0.612943061326983 -5.275623551374503 
0.0 0.0 0.0 1.0 
17 17 0
1.6531521377072835 -0.6912327854166519 4.2916479690243055 -6.4203960446919766 
-4.3275617766328285 0.17157092542244737 1.6946194180380039 1.2787353704989037 
-0.41019869873747417 -4.595834600411923 -0.5822183451029708 -5.401677247421885 
0.0 0.0 0.0 1.0 
18 18 0
1.3429173291465133 -0.6598507634617169 4.403422199241111 -6.6368165779731 
-4.439161591088721 0.15850923790895965 1.3775687442693865 1.2212650242855507 
-0.34553266670246424 -4.600914336374598 -0.5840655003015063 -5.383550353104936 
0.0 0.0 0.0 1.0 
19 19 0
1.1398765662240014 -0.6822787561398446 4.456919163792457 -6.8535994132299605 
-4.495129371085759 0.18629789599832874 1.1781674914654519 1.0797111916004418 
-0.35137893342669096 -4.5966012343640665 -0.6137972131130977 -5.353365765415736 
0.0 0.0 0.0 1.0 
20 20 0
0.6470239801154077 -0.6968950682578552 4.552434555575459 -7.077274168351959 
-4.593164643912734 0.23814218066579762 0.689266485488539 1.1959620681966743 
-0.33639516224715005 -4.592013948370841 -0.6551414830631 -5.296102355228064 
0.0 0.0 0.0 1.0 
21 21 0
0.16515801942435182 -0.7204204905812082 4.591588707186937 -7.1549906493286555 
-4.637610761432815 0.2779377100707372 0.2104201320239917 1.175569870345167 
-0.3070011615244508 -4.586141345061465 -0.7085206550257062 -5.2636247754339625 
0.0 0.0 0.0 1.0 
22 22 0
-0.35378347176582253 -0.7274187465918249 4.579806851161778 -7.315870553300444 
-4.6304824333866 0.3028733227167034 -0.30959622694049105 1.1971900047767599 
-0.2498320572278208 -4.583457781637011 -0.7472952885484576 -5.228315426702635 
0.0 0.0 0.0 1.0 
23 23 0
-0.679565368139075 -0.7467231147484172 4.539775836231386 -7.4302040985850635 
-4.595908725172827 0.3212528182354986 -0.6351258198425542 0.9587766107123902 
-0.21161405217373805 -4.579099255194731 -0.784867926755427 -5.211148946363552 
0.0 0.0 0.0 1.0 
24 24 0
-1.2878090361893046 -0.7566731566038736 4.404311008585288 -7.51689218178746 
-4.466919970476859 0.35215829415741307 -1.2456161310774654 1.1275581354940316 
-0.13083809745218566 -4.575192857736561 -0.8242853698105026 -5.175988903311771 
0.0 0.0 0.0 1.0 
25 25 0
-1.6903930411046666 -0.7756199197412514 4.2626203353713725 -7.483327428755052 
-4.332290141643027 0.35822866511601054 -1.6528391127819007 1.0546307598006814 
-0.05268401281836689 -4.571547732046687 -0.8527229251981981 -5.177598060675257 
0.0 0.0 0.0 1.0 
26 26 0
-2.257558465409196 -0.7680926735006688 3.9927941343366573 -7.549156551484678 
-4.065777857311874 0.3782861322558503 -2.2260512173035716 1.1362595496509562 
0.042874194839409935 -4.571201821361824 -0.85511767315883 -5.185385425711857 
0.0 0.0 0.0 1.0 
27 27 0
-2.6870003203322472 -0.7707228840548107 3.716851994162746 -7.5091520592563725 
-3.793422590890064 0.3800708958383279 -2.6635416855224268 1.0754888358436254 
0.13765385645253528 -4.570613537935779 -0.8482467192839203 -5.190681800540611 
0.0 0.0 0.0 1.0 
28 28 0
-3.1859158009599757 -0.7630685803326396 3.3010059976627084 -7.486978405236025 
-3.3792457660918616 0.3892003804511096 -3.1714624130275992 1.2159907069605511 
0.24411189437761405 -4.571128380478794 -0.8210716170904286 -5.175435967145548 
0.0 0.0 0.0 1.0 
29 29 0
-3.6900212171905395 -0.7618005489545729 2.726231779425641 -7.28353622200836 
-2.80639701565845 0.3992461958589177 -3.6869640170004847 1.4204827724539495 
0.3698994630735843 -4.570474248738547 -0.7764720786733221 -5.202235335293819 
0.0 0.0 0.0 1.0 
30 30 0
-4.044634199666308 -0.7644642859536501 2.164599528250193 -7.285117801826502 
-2.2447466004660184 0.3989381131224591 -4.053504717124525 1.5069916024084442 
0.4806210397065388 -4.570053208857194 -0.7159347915446608 -5.195763129512865 
0.0 0.0 0.0 1.0 
31 31 0
-4.245913226506048 -0.7906630169726083 1.7251169445857752 -7.242558302824264 
-1.8082790634150725 0.40337232058315203 -4.265718435731592 1.4339061453136974 
0.5755861399666415 -4.565204440968505 -0.6756870411507674 -5.174304004133601 
0.0 0.0 0.0 1.0 
32 32 0
-4.434933511067653 -0.7903800292895761 1.1556889323425759 -7.3099296849642705 
-1.238049220527329 0.4209935646229521 -4.463067722123107 1.5158432462134237 
0.6538791425578911 -4.5636626497580774 -0.6118669249357214 -5.16508858366825 
0.0 0.0 0.0 1.0 
33 33 0
-4.542089582674358 -0.7916425239311583 0.6096501353565145 -7.213079736113695 
-0.690284427634694 0.4345162925982735 -4.578609482145022 1.5957778075361775 
0.7224146931793543 -4.562174362633789 -0.541869306676253 -5.152701195934049 
0.0 0.0 0.0 1.0 
34 34 0
-4.582442459790677 -0.7938383723443629 0.0017226462048371407 -7.176990101435917 
-0.07884136940347843 0.44506554657891684 -4.628677134707011 1.755159200127757 
0.7899162948843648 -4.56077991293666 -0.4519911155678849 -5.124473874134326 
0.0 0.0 0.0 1.0 
35 35 0
-4.53666253079951 -0.8066227539058369 -0.630075985098908 -7.032343121364741 
0.5554260295646848 0.4646239287222323 -4.5939736151604444 1.9756236527043307 
0.8597351597579982 -4.556584055709313 -0.3568983907423886 -5.071484210029451 
0.0 0.0 0.0 1.0 
36 36 0
-4.3648976274933995 -0.8107054024318806 -1.3854145528015405 -6.898452627573864 
1.316345514471882 0.48928043718713815 -4.433598170965606 2.268581346631343 
0.91861652425657 -4.553277493774256 -0.22974919187219148 -5.037570137190054 
0.0 0.0 0.0 1.0 
37 37 0
-4.165624496908831 -0.8479216625800935 -1.8861487886802615 -6.781555636016231 
1.8235117387996111 0.4945481805627634 -4.249608375413705 2.2434844728651933 
0.9753629821497352 -4.545923987902803 -0.11050126499507223 -5.004571116820556 
0.0 0.0 0.0 1.0 
38 38 0
-3.867721261503283 -0.8633979885720601 -2.433979126340865 -6.289009728637563 
2.378168795597641 0.5183343861212727 -3.9629047413959073 2.2743699933582295 
1.0069850852180111 -4.540354235232163 0.01043587647597798 -5.065163399092829 
0.0 0.0 0.0 1.0 
39 39 0
-3.4306525004584856 -0.884597258798838 -3.0128184716775004 -5.589549123804756 
2.9704674124299024 0.5321115777337317 -3.538662366181604 2.3065056197977594 
1.0177939570356376 -4.534676002574093 0.17248520269296486 -5.191813726319808 
0.0 0.0 0.0 1.0 
40 40 0
-3.1897865045442826 -1.0118062971435247 -3.229619052658877 -5.230226528848183 
3.193279694151684 0.5705185168537055 -3.332631690563663 2.0623710659073384 
1.1212380598439524 -4.503298291138483 0.30342750838288896 -5.22871991142212 
0.0 0.0 0.0 1.0 
41 41 0
-3.0208791999023927 -1.1027216450486117 -3.3596512547644792 -5.146808836080721 
3.3271620516920497 0.6096257332639698 -3.191756932303172 1.731824247696324 
1.1971848879646825 -4.47675451856968 0.39291280074401286 -5.291601388305441 
0.0 0.0 0.0 1.0 
42 42 0
-2.980275591356792 -1.1130045344921 -3.3923616938723677 -5.431096653254779 
3.35773970287949 0.6281435977504972 -3.155943338035103 1.4369116863513773 
1.213466770442658 -4.471643793768417 0.40104279522787617 -5.277746587099285 
0.0 0.0 0.0 1.0 
43 43 0
-2.9405775580571576 -1.1108327769557143 -3.4275402013574627 -5.745987109122545 
3.384050601720402 0.6674184462512854 -3.1195714191291706 1.0981356499485164 
1.2370040389550268 -4.466491812802575 0.3862904476395423 -5.208532842621185 
0.0 0.0 0.0 1.0 
44 44 0
-2.9045168727094137 -1.0989596300027913 -3.4619393017179 -5.987739130201593 
3.4089360145790724 0.7053048396801985 -3.083936592876287 0.6438598392116662 
1.253758573547657 -4.463605162073796 0.36504438982321075 -5.24160665468751 
0.0 0.0 0.0 1.0 
45 45 0
-2.7915969709308106 -1.0592094239711909 -3.565672090620773 -5.997478182834914 
3.5077339304624844 0.7337181793826851 -2.964190190101053 0.28170009307443555 
1.237642106463945 -4.4686370749694 0.35847864444335176 -5.330865608805721 
0.0 0.0 0.0 1.0 
46 46 0
-2.2446479589342907 -0.6945772445779048 -4.013486414950568 -5.995526056773079 
3.970729009102976 0.6480257432605764 -2.3328840878694135 0.42694515398330424 
0.9076537461868439 -4.552645789002559 0.2802570661197997 -5.592774949573193 
0.0 0.0 0.0 1.0 
47 47 0
-1.7319701184078806 -0.3203216653963759 -4.304257526194415 -5.996627369303881 
4.283658736779596 0.44052744433124974 -1.7564670055473137 0.4717312918204817 
0.5286929745502678 -4.618687727512634 0.13098494769431906 -5.8428113042416925 
0.0 0.0 0.0 1.0 
48 48 0
-1.3401279327814544 -0.25508062452488195 -4.446116755185074 -5.935883776544303 
4.432850391546958 0.3694024758045082 -1.3573219667978564 0.3611088669840473 
0.4275990018705123 -4.628976394683759 0.13668672340092114 -5.9256997518996455 
0.0 0.0 0.0 1.0 
49 49 0
-0.7545281629555992 -0.21011042928091897 -4.584264656518955 -5.931992210029 
4.574930884086651 0.3300815798002362 -0.7681176529871799 0.26281151782696677 
0.3600687534070072 -4.634204117502779 0.15313523437685825 -5.951199412949006 
0.0 0.0 0.0 1.0 
50 50 0
-0.1409621273015516 -0.173708279328785 -4.645312415583049 -5.776310700712791 
4.639358960171646 0.2869895570857132 -0.1515142016879031 0.21486909359580753 
0.2923164638716339 -4.638581288692535 0.164585909482334 -5.98697671653276 
0.0 0.0 0.0 1.0 
51 51 0
0.33114874141156364 -0.1458161473157554 -4.6366000074981155 -5.798322865355794 
4.632085442678879 0.262079441413198 0.3225850435614009 -0.018830882972383 
0.251170799403454 -4.641013040896319 0.16389400502689286 -6.000780660413466 
0.0 0.0 0.0 1.0 
52 52 0
1.0470590914005427 -0.10153120196579865 -4.530156430118705 -5.833688793704047 
4.52713570699211 0.22264241571931148 1.0413711815464766 -0.03808446166579482 
0.19413738304101152 -4.644253323546821 0.14895961127792645 -5.986306238294396 
0.0 0.0 0.0 1.0 
53 53 0
1.9271918284539127 -0.06570244616204382 -4.232087170230017 -6.084789105917207 
4.230668232005757 0.17027444900307406 1.9239022438314253 0.4149377012500489 
0.12776865933362264 -4.647110829152011 0.13032800121174895 -5.925383790009896 
0.0 0.0 0.0 1.0 
54 54 0
2.6461355843595653 -0.05375313198253426 -3.824135613794913 -6.1457594404700275 
3.82387162699964 0.12249165334433688 2.6442298411515055 0.9050363256861139 
0.0701591606219479 -4.648770858201289 0.1138917386990014 -5.923957983806641 
0.0 0.0 0.0 1.0 
55 55 0
3.2925546374528447 -0.04015205815340769 -3.2842689038614803 -6.09275633141985 
3.284420744034655 0.07615805743661654 3.291770762822544 1.2730392524932141 
0.025362473452232484 -4.649897837510812 0.08227392020069227 -5.922499352614187 
0.0 0.0 0.0 1.0 
56 56 0
3.441993685383871 -0.024055176088847535 -3.1274661413809857 -6.319356500146194 
3.1274223249338173 0.07055764586992515 3.44139853850503 1.1008547732283196 
0.029647891252977603 -4.6500986278529 0.06839629706325277 -5.919972298458254 
0.0 0.0 0.0 1.0 
57 57 0
3.57058134954776 -0.015846873467713376 -2.979873839480106 -6.335015861585039 
2.979612967798557 0.08522462510065626 3.569814059983709 0.7871625355769917 
0.04244265974678639 -4.6498880418766815 0.07558459893712376 -5.9253442871490405 
0.0 0.0 0.0 1.0 
58 58 0
3.6685189120926185 0.021653458012676537 -2.8584050370917438 -6.408743479871648 
2.857523191243841 0.09293121957588113 3.6680892864312016 0.45897696276045696 
0.0741957991239718 -4.649713549627628 0.06000083228670657 -5.971090125281753 
0.0 0.0 0.0 1.0 
59 59 0
3.7987334438151943 0.16848944442089403 -2.6777204810946507 -6.558085612897113 
2.6778963920305414 0.04845391579009799 3.802034535708683 0.09050357083148153 
0.16564173741194096 -4.647386886588932 -0.05743952553740393 -6.078920971892794 
0.0 0.0 0.0 1.0 
60 60 0
4.043281937510388 0.2106964379424107 -2.2883293506407516 -6.722546323119362 
2.2893732831603177 0.031752731098540016 4.048052713619408 -0.06081309326340567 
0.19901796737211133 -4.6458088300913065 -0.07611270064455244 -6.120913424789003 
0.0 0.0 0.0 1.0 
61 61 0
4.379261019924983 0.20126280646535422 -1.552586301799693 -6.70331602378486 
1.5538023496870215 0.005860968001514805 4.38344805747737 0.1077208097213227 
0.1916538386124704 -4.646333363053763 -0.061723074914150335 -6.101092506846407 
0.0 0.0 0.0 1.0 
62 62 0
4.575308124025562 0.1879823557684721 -0.8125015789366775 -6.6283959623202815 
0.8135888787471471 -0.010655743535496745 4.57896475650775 0.23842558011712733 
0.18322129530060077 -4.646883796915056 -0.04336864658726795 -6.100423568866735 
0.0 0.0 0.0 1.0 
63 63 0
4.645279064782913 0.16282564417917295 0.15443842676257133 -6.5336345234695905 
-0.15323086559356222 -0.036983967995451346 4.648020468444176 0.49321227217106234 
0.16396024900333947 -4.647695177022537 -0.0315761848760627 -6.088581683873935 
0.0 0.0 0.0 1.0 
64 64 0
4.58421492341876 0.1643631129828262 0.7661087128165331 -6.540627404751262 
-0.7648193032430646 -0.049490463660757364 4.587105881989115 0.481575230923743 
0.17026825329059814 -4.647527813493363 -0.021753333726760846 -6.1163846435606235 
0.0 0.0 0.0 1.0 
65 65 0
4.4683472053541955 0.13170422112763938 1.2827551548577358 -6.529233465158461 
-1.2819811197934723 -0.04518511886786935 4.470284633398368 0.42751436210518323 
0.13905828087674432 -4.64860912731391 -0.0071089532775315475 -6.078742188356059 
0.0 0.0 0.0 1.0 
66 66 0
4.309208442201273 0.11012909328606682 1.7457221746862162 -6.536643987047789 
-1.7454073338183838 -0.03448632269226868 4.3106040043127605 0.287754460811674 
0.11502101989510645 -4.649262142376643 0.009377332834244616 -6.073950158200592 
0.0 0.0 0.0 1.0 
67 67 0
4.039942500522516 0.07013366015262855 2.302806047821205 -6.497508397352489 
-2.3027482091251876 -0.022421687028743593 4.040521070552337 0.2877091999073764 
0.07203426294690102 -4.650112552733085 0.015248844476893425 -6.154102198243395 
0.0 0.0 0.0 1.0 
68 68 0
3.5448443354425105 0.00556139141373686 3.0104808892044805 -6.399821833556082 
-3.0104778376244923 -0.003736021782175833 3.5448511313145112 0.47850594224247134 
0.006657439218671353 -4.6506906520124724 0.0007525508979585807 -6.116971969231746 
0.0 0.0 0.0 1.0 
69 69 0
3.012953952597837 -0.17085343168353634 3.538628501880392 -6.299026550171128 
-3.538885417918718 0.07173257777429815 3.0166359301315637 0.6447350408361798 
-0.16540299293644306 -4.647000023379952 -0.08353673612970754 -6.0126161507090226 
0.0 0.0 0.0 1.0 
70 70 0
2.388270760643731 -0.22281780409787638 3.9844006031102417 -5.983749223393495 
-3.9859544628819976 0.09149209326826434 2.3943173658829173 0.8139571266962612 
-0.19309778079837078 -4.6444510321768595 -0.14398572327682144 -5.972042520817494 
0.0 0.0 0.0 1.0 
71 71 0
1.762963671529254 -0.2785869706269069 4.294568861495684 -5.45478931659945 
-4.298849405708047 0.10383327393441001 1.77145952186472 1.0264880155796297 
-0.20199642942862236 -4.641181354408987 -0.2181501235109036 -5.954564287459357 
0.0 0.0 0.0 1.0 
72 72 0
1.4144200127391937 -0.351200006260683 4.416450629613085 -5.211040128762091 
-4.423917181303428 0.13863406820719068 1.4278361116198188 0.8735172480307257 
-0.23947506302667879 -4.635343990267781 -0.2919119933009672 -5.962741982714642 
0.0 0.0 0.0 1.0 
73 73 0
1.0267797021320382 -0.37599349521787584 4.520323064794133 -5.208024282314966 
-4.529409909778275 0.16346709483953084 1.0424369720005675 0.7704756437624506 
-0.24316319424446559 -4.632587500742948 -0.3300985222981534 -6.054443715664613 
0.0 0.0 0.0 1.0 
74 74 0
0.6495016848213515 -0.10769615419495855 4.6038591043120025 -5.304709638341734 
-4.604471781738436 0.06278258915865556 0.651058128098891 0.7457634015064013 
-0.07722706259198517 -4.649021767980228 -0.09785772343347235 -6.141368793130967 
0.0 0.0 0.0 1.0 
75 75 0
0.02437959846130094 0.29238520861678796 4.641431228022012 -5.179476113085254 
-4.648847177200454 -0.12703616573049478 0.03242254976802649 0.8720461395085345 
0.12882136425235458 -4.639754261876517 0.2916030015007964 -6.3482004654386746 
0.0 0.0 0.0 1.0 
76 76 0
-0.45751589933532866 0.3667801168852182 4.613577564954296 -4.991385031597908 
-4.626483282817114 -0.16006860322799626 -0.4460712184000165 0.8087588883726021 
0.12361162711369178 -4.633444885029823 0.3806178612972409 -6.3897010480145635 
0.0 0.0 0.0 1.0 
77 77 0
-1.0314592896318056 0.3992272943455763 4.517265206416844 -4.949815623053803 
-4.534275353193725 -0.1659529592861674 -1.0206760656360794 0.771322091241751 
0.07357431372344499 -4.6305550311787345 0.4260397383170815 -6.368815383496058 
0.0 0.0 0.0 1.0 
78 78 0
-1.9093493480805646 0.4253826923183571 4.219286823204317 -4.801062640839495 
-4.2406756388807665 -0.18674447040083683 -1.900199220860766 0.9595431092312875 
-0.0043828646264349675 -4.627433227151928 0.4645478966661199 -6.352659310734217 
0.0 0.0 0.0 1.0 
79 79 0
-2.5498285177036952 0.29781841132839454 3.8779697521790335 -4.870670388479757 
-3.8887806854980402 -0.11324103221809063 -2.5482404248967363 1.0096928392402647 
-0.06875704354431522 -4.639768813881293 0.3111141603093809 -6.316612409545073 
0.0 0.0 0.0 1.0 
80 80 0
-3.031268144536534 -0.2147835685301649 3.520547297531827 -4.881016885053526 
-3.5270738114203564 0.17010112050524048 -3.026510094139055 1.0232112851863282 
0.011008275862788887 -4.642616456592778 -0.2737612889310838 -6.02136612598173 
0.0 0.0 0.0 1.0 
81 81 0
-3.5190084790906857 -0.5904262442886534 2.982771525710958 -4.9963242995382755 
-3.034597645749583 0.3943063044480362 -3.502101352894707 1.0950979793743643 
0.19171395554006296 -4.5961792580021905 -0.6836101708335355 -5.776343254043877 
0.0 0.0 0.0 1.0 
82 82 0
-3.874490105821964 -0.8073055348484244 2.4424484368421444 -5.069601641114996 
-2.5423605849539674 0.5287335705089462 -3.8582127643279907 1.1294064910144233 
0.3920600679273541 -4.549470418415971 -0.8818072796950823 -5.611798008843534 
0.0 0.0 0.0 1.0 
83 83 0
-4.130378522105111 -1.0711930854552008 1.8497275265659134 -5.2200469234395435 
-2.022114278566976 0.6537077615968906 -4.13674662108303 1.2197293098359006 
0.6928143268059498 -4.478190147107374 -1.0463240434690086 -5.397918792561456 
0.0 0.0 0.0 1.0 
84 84 0
-4.253132166580401 -1.2653699046534952 1.392364739989749 -5.325455221267815 
-1.6267053536360572 0.743833323040131 -4.292958687119646 1.1747887341021235 
0.945339955477722 -4.4129945590728425 -1.1228407431453495 -5.248826949556713 
0.0 0.0 0.0 1.0 
85 85 0
-4.388570289631535 -1.2698097375296507 0.8700543936599239 -5.4545584494396255 
-1.1028911034246207 0.7601387551052768 -4.453625555236831 1.191284946744887 
1.0737941750902877 -4.4089375169693445 -1.018424081834622 -5.2367174243667725 
0.0 0.0 0.0 1.0 
86 86 0
-4.517585750549939 -1.0865072870539891 0.19974266516693023 -5.495054723313814 
-0.37198801624413985 0.7043413382692019 -4.581972567257778 1.2758232910638037 
1.0402020367464522 -4.466805815689213 -0.7710875704653052 -5.340321989831757 
0.0 0.0 0.0 1.0 
87 87 0
-4.594006637713808 -0.5143371271028199 -0.5094394067180836 -5.615111829758508 
0.46390943413045505 0.4208520831769379 -4.608324004425182 1.4720389213623566 
0.555753339958629 -4.602966149251906 -0.36441733639397145 -5.716055833288969 
0.0 0.0 0.0 1.0 
88 88 0
-4.536965457965998 -0.286718575443892 -0.9811717184800087 -5.668908598077257 
0.9654722253763546 0.2645848709712994 -4.541674436425356 1.422450533195211 
0.33581788772429005 -4.634301323659918 -0.19859282099334605 -5.887440956875008 
0.0 0.0 0.0 1.0 
89 89 0
-4.412140054239626 -0.22008402786552825 -1.4538044389566263 -5.723633794510777 
1.4433024044140021 0.22994726362814538 -4.415083642503674 1.3154437077273045 
0.2808157123834685 -4.6397888084784356 -0.14985117773592774 -5.999635483509886 
0.0 0.0 0.0 1.0 
90 90 0
-4.200004549754695 -0.1780972046189775 -1.9892707277561945 -5.92936386596736 
1.9799772490580732 0.2362228009138899 -4.201527416275127 1.2727188801170688 
0.261937463864604 -4.641275107171829 -0.13750837068633603 -6.009439476776659 
0.0 0.0 0.0 1.0 
91 91 0
-3.9561803497271346 -0.18867794137883215 -2.437622826007449 -6.062314332962744 
2.426457766138626 0.2655982969840656 -3.958625044504329 1.2674177967207343 
0.2998117929122123 -4.639270015267858 -0.12749393767760198 -6.036431502610636 
0.0 0.0 0.0 1.0 
92 92 0
-3.514536457018664 -0.4903795857025084 -3.0060771353792335 -6.052902260141576 
2.973596302657494 0.4411826095741361 -3.54852730611793 1.391523845913997 
0.659333323888023 -4.603675019884158 -0.019859510264933412 -5.794039575337509 
0.0 0.0 0.0 1.0 
93 93 0
-2.984011513945395 -0.5403273048605086 -3.526001771971735 -6.082517127171787 
3.493278072789024 0.4881431063243558 -3.0311180835994747 1.5309328080324112 
0.7222571407076542 -4.593332623202618 0.09265072071169267 -5.7190108182065185 
0.0 0.0 0.0 1.0 
94 94 0
-2.5320662264293734 -0.5742110290559671 -3.858483543705802 -6.153165093081734 
3.83053733438439 0.504227994424057 -2.5887663630032876 1.5776137516073017 
0.7379661964965248 -4.5874805286819695 0.19842195119100037 -5.647654198001318 
0.0 0.0 0.0 1.0 
95 95 0
-2.216618573386116 -0.5989907286019266 -4.0443518936660485 -6.3928173136579485 
4.021725305349493 0.5084123542333119 -2.279518122953084 1.5085052372122516 
0.7357212676025869 -4.583849409455244 0.27566199047779444 -5.576627196696038 
0.0 0.0 0.0 1.0 
96 96 0
-1.896500632294601 -0.6277483431175305 -4.199783753356366 -6.6427639499708295 
4.181322451107223 0.5263589029846083 -1.9668403729688084 1.528528510535375 
0.7408086320761544 -4.577972756336624 0.34974970738384925 -5.452678938179773 
0.0 0.0 0.0 1.0 
97 97 0
-1.7332173121422527 -0.6197130322475789 -4.270934868168729 -7.078922290689022 
4.255676003832024 0.5192801854950576 -1.8023710558186161 1.5815268760255292 
0.7170441041708202 -4.579876918934905 0.37355043750814354 -5.317656527782368 
0.0 0.0 0.0 1.0 
98 98 0
-1.5144043685650552 -0.592638802845157 -4.357099320117414 -7.417098577198512 
4.3410566206893 0.5326663726455433 -1.5812808577039446 1.5831482617910213 
0.7005430409174449 -4.5819212735888915 0.3797302135661576 -5.214483414445767 
0.0 0.0 0.0 1.0 
99 99 0
-1.2398974874598439 -0.4521687707010497 -4.459500881297309 -7.759508889590457 
4.44259523882286 0.49103321828234936 -1.2849821705358555 1.5952134570084273 
0.5957786550537953 -4.602539984100887 0.30102329787614435 -5.258702066441526 
0.0 0.0 0.0 1.0 
100 100 0
-0.7909570965356529 -0.4036586235314141 -4.565130547711012 -7.741797514424894 
4.549567274057603 0.4888925046097943 -0.8314927254710852 1.7145674561297959 
0.5520675121772598 -4.607279208113686 0.3117335066504853 -5.2152476829539935 
0.0 0.0 0.0 1.0 
101 101 0
-0.3211484203381554 -0.3682068793775945 -4.624957798558024 -7.538952307336665 
4.61233169559574 0.4764944400928136 -0.3582057933801607 1.7373386869860616 
0.5022184521030159 -4.611544081886504 0.3322662192397397 -5.272188015381733 
0.0 0.0 0.0 1.0 
102 102 0
0.2784257819377895 -0.3578810447374695 -4.628536614464078 -7.058471171528176 
4.6212345874220375 0.46316263134066626 0.24217675674357797 1.7748755541237164 
0.4423196825534154 -4.613716515700244 0.38334231194210094 -5.329051935303182 
0.0 0.0 0.0 1.0 
103 103 0
0.4103562568764665 -0.3821603856120371 -4.616766061239945 -6.806478401551511 
4.613717950881793 0.451281297156279 0.3727268482004492 1.452551840277684 
0.4173608229078941 -4.612946526136454 0.41894032059907405 -5.396521880153986 
0.0 0.0 0.0 1.0 
104 104 0
0.5853194690468528 -0.39032128350930456 -4.597173852665719 -6.44780487105715 
4.595697441043038 0.4584477062082214 0.5462084905263153 1.1314886446325003 
0.4073296270296163 -4.611555909400582 0.4434048292150492 -5.470772988214493 
0.0 0.0 0.0 1.0 
105 105 0
0.9817658692965419 -0.35975273695303994 -4.531631300672559 -6.274422081843992 
4.530289970628996 0.4611697682691832 0.944864464210617 0.9637465308103653 
0.37627368466963207 -4.613767290278422 0.4477921710216639 -5.6035380334868945 
0.0 0.0 0.0 1.0 
106 106 0
1.4403314697650853 -0.31468280497837176 -4.410825852798476 -6.300010798198125 
4.410155776775943 0.4420470917968489 1.4085745889101116 0.7988300070755613 
0.3239382997698819 -4.618929849126193 0.43531172706807564 -5.838221733100428 
0.0 0.0 0.0 1.0 
107 107 0
1.6911864579648657 -0.28569748268808387 -4.322871727197964 -6.496206896110094 
4.3222695326149525 0.42688093452888803 1.6627397176402103 0.5576708990631042 
0.2946463843179031 -4.622242147664267 0.42075286052253497 -5.995611905874589 
0.0 0.0 0.0 1.0 
108 108 0
2.392553085443949 -0.2639980194815752 -3.9793163064122266 -6.59745271619922 
3.982117871045523 0.4114160985524012 2.366942247344669 0.6942257609109433 
0.21766315250565346 -4.624932064702119 0.4377021369088485 -6.057159429596013 
0.0 0.0 0.0 1.0 
109 109 0
2.971062572009012 -0.26832119172033586 -3.5678778010912326 -6.730142257191421 
3.5758127874835908 0.38307750341553515 2.9488621131545694 0.73063773370415 
0.12375226403290336 -4.627119686335996 0.45103056345948805 -6.069850953455591 
0.0 0.0 0.0 1.0 
110 110 0
3.5144675162455608 -0.28904022963259174 -3.0321489729807585 -6.687196367381288 
3.0458618716180053 0.35529652203800494 3.4964898101574002 0.7697772498599559 
0.01433845148757601 -4.62808573909522 0.4577940914693269 -6.0345773281266615 
0.0 0.0 0.0 1.0 
111 111 0
3.913631513036241 -0.30549645975951145 -2.4938152707535965 -6.728602687123092 
2.511109532547199 0.3244589054648468 3.9010280859213866 0.7333444464413131 
-0.08226871521278534 -4.6292951689565855 0.4379889411120745 -5.998189135588607 
0.0 0.0 0.0 1.0 
112 112 0
4.256957888239392 -0.33234297819893505 -1.8430502598545304 -6.626213057353714 
1.8638154982794788 0.3046594138468408 4.249979786224048 0.76514092925458 
-0.18297156522670274 -4.628789166693653 0.4120554112618963 -5.96731432686532 
0.0 0.0 0.0 1.0 
113 113 0
4.509377832486341 -0.35991719412979545 -1.0793098029437804 -6.607740049744729 
1.102011751102199 0.28477727787012913 4.509261741058358 0.8117157348359313 
-0.2828817829529175 -4.627994132819378 0.3614082748898846 -5.916374299816993 
0.0 0.0 0.0 1.0 
114 114 0
4.630756360940128 -0.38528332054783987 -0.19136029526190193 -6.376445938452473 
0.21286343946529943 0.25440324735745395 4.6388511241510155 0.9727563572131434 
-0.37383459618194087 -4.627718620669327 0.27094720296477787 -5.91377230176313 
0.0 0.0 0.0 1.0 
115 115 0
4.601461447963043 -0.39527354278194177 0.5470530716212431 -6.36921602161528 
-0.5292252738700296 0.22619643605440126 4.614945603644145 1.0496583938779196 
-0.4188438402716833 -4.628341553079573 0.17882173197090914 -5.831354565719738 
0.0 0.0 0.0 1.0 
116 116 0
4.386422283826032 -0.3998116204923617 1.4927829644001813 -6.3955120515851895 
-1.480227901925285 0.20385162469827367 4.404127161108308 1.2863973065328298 
-0.4440430167966183 -4.628992296902931 0.06501517751533469 -5.810634237921557 
0.0 0.0 0.0 1.0 
117 117 0
4.163999626069306 -0.4279033757573303 2.026566549646786 -6.453057717124688 
-2.0181555839976775 0.18548821607703989 4.18588156109958 1.2733874365355136 
-0.4659667280855102 -4.627251428065753 -0.01961069376435831 -5.7887844183232655 
0.0 0.0 0.0 1.0 
118 118 0
3.9202756692982397 -0.44700173317158604 2.4618286099674163 -6.422721643493848 
-2.455540897573128 0.19113717234151278 3.9449624311768057 1.1494437828246036 
-0.4803454387907782 -4.6252154747204335 -0.07489679343965693 -5.7868700920430065 
0.0 0.0 0.0 1.0 
119 119 0
3.6530715626771038 -0.4429723214252739 2.843907654901235 -6.438156910581374 
-2.839480730895062 0.1965448234816104 3.677999094479143 0.9861334086729127 
-0.47051039123725474 -4.625377489038555 -0.11607287828875441 -5.811535007408995 
0.0 0.0 0.0 1.0 
120 120 0
3.381299318152367 -0.45158275930003505 3.160989328143613 -6.342741327352298 
-3.157361143295165 0.21387765342931625 3.4079704114753233 0.8249072279729673 
-0.476280409685503 -4.623772213748225 -0.15107922718688052 -5.8102635211813976 
0.0 0.0 0.0 1.0 
121 121 0
3.3120711018796456 -0.4749260459120742 3.230108298992056 -6.551874797354002 
-3.225584814948349 0.23533564505542526 3.342031020536548 0.3963096627288154 
-0.5047333770983482 -4.620394217069694 -0.16179585489122603 -5.801641632981885 
0.0 0.0 0.0 1.0 
122 122 0
3.276399832269638 -0.49521822738845994 3.2632664974466845 -6.655490408919356 
-3.2560217650086325 0.26846567587364084 3.3098659586180212 -0.12117016750869253 
-0.5408164152448263 -4.616453927076824 -0.1575761859511415 -5.811775780148432 
0.0 0.0 0.0 1.0 
123 123 0
2.8381068272562113 -0.5042914825112917 3.6496290326861174 -6.799701062125312 
-3.6403959355810587 0.32528854510655747 2.875874289636924 -0.13916758120897896 
-0.5671111520074411 -4.611812690619267 -0.19623275747566482 -5.9175477243029615 
0.0 0.0 0.0 1.0 
124 124 0
2.3179116351905167 -0.5319641262516714 3.9966551944162862 -6.877164769199259 
-3.9911910668374673 0.35073404496969857 2.3614257667195804 0.03599067374864251 
-0.5715194735511686 -4.606839798051628 -0.2817224096251795 -6.059270924266147 
0.0 0.0 0.0 1.0 
125 125 0
1.2443711394316423 -0.671705619513333 4.430494700552605 -6.952613955023355 
-4.4378773756836365 0.4525652979344097 1.3150579598316574 0.7142177945671889 
-0.6210721031642714 -4.579623773692222 -0.5198740117873055 -5.8828401553972975 
0.0 0.0 0.0 1.0 
126 126 0
0.3954955423111734 -0.8251395942321286 4.559789141678368 -6.868482757283197 
-4.5977624240904635 0.5001250533096977 0.4892889437002064 1.019667879537431 
-0.577159327133477 -4.549504596546559 -0.7732205973551401 -5.732624343373034 
0.0 0.0 0.0 1.0 
127 127 0
-0.07390407003331345 -0.9532673820476223 4.551350042124189 -6.918886351154299 
-4.622885682267329 0.506885351575361 0.03110171122922307 0.9341320200745374 
-0.5024322494915515 -4.523639534161213 -0.9556197898132361 -5.602784118276585 
0.0 0.0 0.0 1.0 
128 128 0
-0.5556108918103375 -1.0115161742465286 4.50522858042749 -6.814141723566251 
-4.598897202181148 0.5269107380220844 -0.448860519036987 0.873331193882149 
-0.4128033894123642 -4.508675132288525 -1.0631976706470845 -5.585254753596916 
0.0 0.0 0.0 1.0 
129 129 0
-1.2307032846597894 -1.0402375554666983 4.36259541178349 -6.759758135181265 
-4.476105204555533 0.5680344590779313 -1.127282982721855 0.9676315263044982 
-0.28070228119994717 -4.497131285451411 -1.151501017472201 -5.546359983665703 
0.0 0.0 0.0 1.0 
130 130 0
-1.8995321378267016 -1.0496057815457822 4.113280541027122 -6.518096327859073 
-4.243695111723783 0.5847779763493948 -1.8105387848403482 1.0330205540394823 
-0.10858697666692996 -4.492806851888967 -1.1965980863551962 -5.540072725422935 
0.0 0.0 0.0 1.0 
131 131 0
-2.5013794385195953 -1.02161549949393 3.7852825608132776 -6.3983293387222435 
-3.920028388245752 0.5672021976897574 -2.437338014970361 1.1731857115202766 
0.07375257667941576 -4.501505174771286 -1.166180481836628 -5.443231186242538 
0.0 0.0 0.0 1.0 
132 132 0
-2.653329096189005 -1.0405064124436698 3.6750757891968484 -5.989700103687093 
-3.81466652478869 0.4960913551746028 -2.6136516668671774 1.1420968762688921 
0.19273457548124334 -4.5055728488156435 -1.1364921564010677 -5.32081057604645 
0.0 0.0 0.0 1.0 
133 133 0
-2.739406354070982 -1.032999092649921 3.6135180037719383 -5.574971874049628 
-3.7515848970143413 0.4849913457487848 -2.7054295457131112 1.0937134966285766 
0.22409156653310242 -4.508507469977491 -1.1189659930005436 -5.336495471962211 
0.0 0.0 0.0 1.0 
134 134 0
-2.730344395409983 -1.0471368639181324 3.6163075320902145 -5.058665450697921 
-3.7586849068641586 0.5023613909214959 -2.6923753190150483 1.2485204584569978 
0.21557867522668708 -4.503344567291984 -1.1412228777865154 -5.319881448584916 
0.0 0.0 0.0 1.0 
135 135 0
-2.4747847674470487 -1.1098132907697733 3.7779236578390125 -4.740905648861819 
-3.9344383798015063 0.5192035140629834 -2.4247863387286714 1.134510412723738 
0.15686879091966044 -4.486392846796385 -1.2151756616230145 -5.337027274012988 
0.0 0.0 0.0 1.0 
136 136 0
-1.870700103021569 -1.1603149711101184 4.0967202367539715 -4.609201204498033 
-4.257856383991123 0.5205191428231455 -1.7968538041769624 0.8789771840199 
-0.010214464176099242 -4.473440779386675 -1.2716754299888853 -5.3209704254497305 
0.0 0.0 0.0 1.0 
137 137 0
-1.3463923173208814 -1.286800541280733 4.261494921354975 -4.490262191768802 
-4.4446659393108074 0.635847526446564 -1.212265449706457 0.48962585950168247 
-0.24721377535342035 -4.423662294272514 -1.4138757569451899 -5.138431468193046 
0.0 0.0 0.0 1.0 
138 138 0
-1.0316869992293158 -1.3947360553802084 4.315009222538258 -4.395545784392427 
-4.50959500031958 0.7816491868594436 -0.8255618720695548 0.24783959405522638 
-0.477645792897648 -4.367228852113831 -1.5258149989514114 -4.8383967719044945 
0.0 0.0 0.0 1.0 
139 139 0
-1.01203550207654 -1.0494978036653522 4.416252176624119 -4.397259273987738 
-4.511520514074426 0.7318596207119011 -0.859946667340768 0.23534214137347298 
-0.5009079481857756 -4.471229734105404 -1.1773537157862837 -4.790419050666626 
0.0 0.0 0.0 1.0 
140 140 0
-1.0813270856506818 -0.40322048724555193 4.505228507480216 -4.431803000996581 
-4.5065030485497495 0.49414260150030986 -1.0374073670587902 0.28731634288891184 
-0.38874283849403674 -4.606757025977188 -0.5056146161828909 -4.959895882908308 
0.0 0.0 0.0 1.0 
141 141 0
-1.3543478402471298 0.33908922727942936 4.4361839029921315 -4.514031704148158 
-4.442377753309981 0.1522207755203824 -1.3678752748613718 0.47665580539264485 
-0.24493319116454365 -4.63581546976981 0.27957189646695896 -5.301528177705795 
0.0 0.0 0.0 1.0 
142 142 0
-1.5364859569165406 0.9166661171235289 4.292772493866125 -4.534643036809265 
-4.386388407506123 -0.1479938894445067 -1.5383920843928474 0.6273328668844016 
-0.1666178016591666 -4.557058545403027 0.9134620289678356 -5.623440464718542 
0.0 0.0 0.0 1.0 
143 143 0
-1.6113910893647307 1.4329209341450262 4.120573292930713 -4.5537195789386455 
-4.361170766224657 -0.41620529063311906 -1.5607448940955906 0.7209568735382671 
-0.11211604388380564 -4.404823235424422 1.4879245818714895 -5.943445671760323 
0.0 0.0 0.0 1.0 
144 144 0
-1.6739186297427073 1.83324345839458 3.932706522495023 -4.554630283168367 
-4.338115064712873 -0.6217039169453349 -1.556666703587238 0.705903545030525 
-0.08789442815102619 -4.2286737335036335 1.9337971428739709 -6.260461790670227 
0.0 0.0 0.0 1.0 
145 145 0
-1.8038688329979633 1.8620637600178909 3.861053054076032 -4.409257630373093 
-4.285381443213521 -0.6831703761342808 -1.672642304924458 0.6733408110894372 
-0.10252414009678687 -4.2065380071163965 1.9807818846925482 -6.645880997062313 
0.0 0.0 0.0 1.0 
146 146 0
-1.984263758897325 1.2330522210693449 4.021347938553814 -4.64193269017287 
-4.203215124125479 -0.4153925959589909 -1.9466337503566613 0.7854429705668698 
-0.15693605726668333 -4.464974443722942 1.2916453586329562 -6.52235936509932 
0.0 0.0 0.0 1.0 
147 147 0
-2.0738805471473634 0.5811117679881089 4.121928073444888 -4.893672761877105 
-4.159354300580606 -0.10498777869788947 -2.077909728172442 0.7689192283224463 
-0.1665871239397013 -4.6130533771344515 0.5665324027586517 -6.278148548382972 
0.0 0.0 0.0 1.0 
148 148 0
-2.650998698887346 0.012571392583623577 3.8211234110982666 -5.07401793204161 
-3.8190299917305692 0.1461243593141823 -2.6500262045348433 0.9416360074127531 
-0.12722287232922166 -4.648380446993401 -0.07297091347079347 -6.080070386268616 
0.0 0.0 0.0 1.0 
149 149 0
-2.856969569846546 -0.5509912297450471 3.628099112674188 -5.302296896320944 
-3.6696728641880125 0.4121106276998536 -2.8271228167506424 0.9723018129598858 
0.013447828243824837 -4.599515555639505 -0.6879293621649875 -5.7818466756725835 
0.0 0.0 0.0 1.0 
150 150 0
-3.2601816785975073 -0.8131853787172377 3.215417973612113 -5.415186845409195 
-3.312873566037824 0.583364681654573 -3.2114640058940354 0.9214372211187466 
0.15820368548402883 -4.5417390610004595 -0.9882086956622461 -5.582384767537846 
0.0 0.0 0.0 1.0 
151 151 0
-3.80568458026457 -0.8902145938705586 2.5205594405633427 -5.381238348016698 
-2.6484660218935843 0.6611335830160576 -3.7653014086078573 0.9013530312740242 
0.36242006633370366 -4.516567549079417 -1.047969106985207 -5.5287596093235765 
0.0 0.0 0.0 1.0 
152 152 0
-4.1643988101526075 -1.0196374581233743 1.8019608906670728 -5.360091429088909 
-1.9689705771351682 0.6987535545626561 -4.154976995238401 0.8748168965395681 
0.6402151700322704 -4.483418441942478 -1.0573762282634105 -5.455155055131769 
0.0 0.0 0.0 1.0 
153 153 0
-4.31226404569123 -1.096916049770157 1.3528190039828116 -5.716249311737577 
-1.5336660957967396 0.6797158637741029 -4.337602952713786 0.8382639204235983 
0.8253527370569845 -4.468077532658856 -0.9919836211003472 -5.3328888643534995 
0.0 0.0 0.0 1.0 
154 154 0
-4.426231179700758 -1.1993722248999108 0.7739053062910805 -5.937458981917234 
-0.9795450108907432 0.7182288158835006 -4.489273824505965 0.7865608165075438 
1.0382254827452784 -4.435606713019877 -0.9361803532967701 -5.2709233775947855 
0.0 0.0 0.0 1.0 
155 155 0
-4.49456502592758 -1.1948364198452395 0.014814913947787459 -6.189263403478986 
-0.2097668997455876 0.7321926498151863 -4.587901360184971 0.9035277381943104 
1.1763731386408893 -4.4345481409222485 -0.7615020208399516 -5.253873029678987 
0.0 0.0 0.0 1.0 
156 156 0
-4.469975963911885 -1.1899779607257102 -0.48190475541320504 -6.453884789694063 
0.31252341871200784 0.6846165028967829 -4.589401152188673 0.8867406259717195 
1.2452339200570537 -4.443445899074823 -0.5780474151456992 -5.200982485824554 
0.0 0.0 0.0 1.0 
157 157 0
-4.356865505950468 -1.1920179794472971 -1.1071435727754046 -6.645300091180756 
0.9533957745648041 0.693736598103462 -4.498745176773097 1.0583734961059452 
1.3182247640112728 -4.441482340435645 -0.40554264555477687 -5.096129748465046 
0.0 0.0 0.0 1.0 
158 158 0
-4.178798658350443 -1.1980301540362241 -1.652670831130741 -6.677776826336247 
1.5200548689152378 0.6867228635434901 -4.341291889545439 1.0925520508173676 
1.3623639071780116 -4.440957530554514 -0.22547303567896435 -5.068749778733201 
0.0 0.0 0.0 1.0 
159 159 0
-3.946835590802253 -1.2110019667881993 -2.141245712475726 -6.457969001302894 
2.0286263601601173 0.6875051777353995 -4.128069743717437 1.0779610329163134 
1.3914507084934369 -4.437315684450175 -0.05521726411280353 -5.060586084641997 
0.0 0.0 0.0 1.0 
160 160 0
-3.761041516964481 -1.2005414447374512 -2.4580944928854263 -6.136387761971121 
2.3682531598558727 0.6627794873534588 -3.947282851073859 0.9508660925775686 
1.3692714767799536 -4.443913654499245 0.07535353423503333 -5.189068467504408 
0.0 0.0 0.0 1.0 
161 161 0
-3.3191194029079663 -1.132720104171053 -3.054398306453665 -5.61192763402647 
2.9835600613863438 0.6937862931419215 -3.4994277069661397 1.1642808927931294 
1.3079717745064943 -4.456969837843957 0.23153057475533526 -5.291646514249154 
0.0 0.0 0.0 1.0 
162 162 0
-3.150559571131164 -1.145952660871728 -3.223311384520401 -5.196011043278486 
3.1851845063674666 0.6159855600884455 -3.332287895803173 1.1891674144089834 
1.248015537823344 -4.465010531487333 0.3675517094185488 -5.356560273507674 
0.0 0.0 0.0 1.0 
163 163 0
-3.098803753537097 -1.149966687966503 -3.2716917137039285 -4.80696402705756 
3.2389647855418247 0.6080196917715125 -3.281520452475114 1.1544318274576506 
1.2391469548277514 -4.465067943661408 0.39575916573079206 -5.446638769079284 
0.0 0.0 0.0 1.0 
164 164 0
-3.0711593304754254 -1.158200705840205 -3.2947654376102093 -4.387858402789644 
3.256343757004961 0.636041001545316 -3.2589316714203895 1.222924981132996 
1.2622004138810348 -4.459035531368077 0.39093485097733943 -5.499582973224682 
0.0 0.0 0.0 1.0 
165 165 0
-2.9286116234305863 -1.5405276284854776 -3.2678727898774476 -4.226794204321745 
3.1991566020030135 0.8486945352977592 -3.2671181137973684 1.048777064777148 
1.6785661034400943 -4.305282866713415 0.5252757482483333 -5.309386166555398 
0.0 0.0 0.0 1.0 
166 166 0
-2.6970497453380298 -2.035828811106292 -3.195353630629657 -4.3516231608781935 
3.074370851301881 1.1163698227027798 -3.3061947528703364 0.7867482838006278 
2.214303993139422 -4.029648419157901 0.6983894046742982 -5.039299836308818 
0.0 0.0 0.0 1.0 
167 167 0
-2.6416941494733983 -2.1759866041603613 -3.1488881471620376 -4.558269350646131 
2.9918182930069555 1.2125100340624921 -3.347806687782697 0.46608895461479305 
2.3873536841962424 -3.927323036261001 0.7110918707223264 -4.920525340765623 
0.0 0.0 0.0 1.0 
168 168 0
-2.636029659059442 -2.191847115254904 -3.1426278842509134 -4.830728422414792 
2.9570805357652414 1.2617889889020357 -3.360434841749777 0.14915886521583882 
2.4363867334895892 -3.902901915671728 0.6784710168567004 -4.893571339987298 
0.0 0.0 0.0 1.0 
169 169 0
-2.632797906546108 -2.18369753415249 -3.1510011766631756 -5.104250525184191 
2.9506388012320164 1.2862913730054562 -3.3568048678913676 -0.051399153203434245 
2.447670135034123 -3.8994708448290343 0.6572698944403862 -4.892770329172601 
0.0 0.0 0.0 1.0 
170 170 0
-2.706503547086015 -1.7102195010379044 -3.3732678061020724 -5.281182558125648 
3.2011718523362145 1.173025421914112 -3.163140573425369 -0.05194099242258421 
2.014022801386234 -4.162704114909287 0.4945324172653199 -5.161276037292611 
0.0 0.0 0.0 1.0 
171 171 0
-2.264374666998614 -1.0336582462733133 -3.9285025223894197 -5.379533527147185 
3.8788104070494085 0.785986731813613 -2.442543433100649 0.32573807189387793 
1.2068092151463488 -4.46572718068101 0.4794101134252175 -5.489137436738326 
0.0 0.0 0.0 1.0 
172 172 0
-1.6171162732782032 -0.6621395677392278 -4.309925123670548 -5.210296960158605 
4.287256976171132 0.5975058994079062 -1.7004025641186045 0.7319243968485861 
0.7958201742164986 -4.564375464645228 0.4026337073325492 -5.698770542562454 
0.0 0.0 0.0 1.0 
173 173 0
-1.1811594088432438 -0.34846003265484443 -4.484686065603063 -5.099280793574289 
4.473106258763936 0.3980982967446263 -1.2090432007667804 0.9619307408038821 
0.4744768449762973 -4.620501424536398 0.23404722994820362 -5.892549972083389 
0.0 0.0 0.0 1.0 
174 174 0
-1.108912683144153 -0.09685012531150843 -4.515515892946198 -5.096067883093588 
4.509599541701749 0.23418612259244528 -1.1124842272766242 0.8341009679497563 
0.2505464225269712 -4.643783418624173 0.0380721185026031 -6.049327091954778 
0.0 0.0 0.0 1.0 
175 175 0
-0.7347848164791884 0.004141395849763908 -4.592277449473857 -4.979727996237505 
4.588188447578831 0.196952017656475 -0.7339553932196722 0.6965076123293555 
0.19382453409926967 -4.64651970046324 -0.035203395784793354 -6.167727038609707 
0.0 0.0 0.0 1.0 
176 176 0
-0.11564291308880001 0.02168758386165061 -4.649205119084484 -4.842888323715059 
4.645465799523162 0.18828345588360945 -0.11467238107113577 0.6583745541921101 
0.18768815593534738 -4.646832686533907 -0.026344818170765973 -6.2745229520980565 
0.0 0.0 0.0 1.0 
177 177 0
0.43689525347072133 -0.002084123682292527 -4.630124979295152 -4.870967573471991 
4.625809619043604 0.20099079062288536 0.4363958721928855 0.5694506720643782 
0.19990640033997983 -4.6463492051149 0.02095448845268117 -6.338007493885603 
0.0 0.0 0.0 1.0 
178 178 0
0.9498176343969785 -0.03818728445455054 -4.552509581367561 -4.811268289051225 
4.548371930945511 0.21000965047208767 0.9471926572350056 0.48052805839049373 
0.19779845954623973 -4.645793632884289 0.08023783681340514 -6.375151347301064 
0.0 0.0 0.0 1.0 
179 179 0
1.3215462863304672 -0.05828771488470808 -4.458594467567632 -4.949871926873486 
4.454943424447887 0.21499262159441135 1.3176547747027296 0.34368978786180615 
0.18959785565693044 -4.645355104278786 0.1169272565050953 -6.374500453857127 
0.0 0.0 0.0 1.0 
180 180 0
1.4384895519691094 -0.08015197580084454 -4.421909165143288 -4.929984343798515 
4.41861907486316 0.22419097538486243 1.4333569180742713 0.05581686246914913 
0.18845915849135214 -4.6445960163043205 0.14549583487668402 -6.344896019888738 
0.0 0.0 0.0 1.0 
181 181 0
1.3866265542460938 -0.09934880614895643 -4.438056660016859 -4.9885756107754675 
4.434547862024336 0.24311119780979207 1.380089496835663 -0.27503879259772407 
0.2025142441124984 -4.643275439869166 0.16721634702003313 -6.275863486837565 
0.0 0.0 0.0 1.0 
182 182 0
1.1230909309945745 -0.13251089818641631 -4.511102103221023 -5.074502349954005 
4.507027705856029 0.2730054340376747 1.1140599937052362 -0.5614986176225808 
0.23306872471161352 -4.640782553501517 0.19434540137364179 -6.168564074490996 
0.0 0.0 0.0 1.0 
183 183 0
1.00462772217807 -0.14064016809558313 -4.538711772002964 -5.072818274123291 
4.533691862703322 0.2926691949446967 0.9944485436611636 -0.5878558269151186 
0.2555495013058017 -4.639345293395696 0.20032324866722742 -6.052179325796422 
0.0 0.0 0.0 1.0 
184 184 0
1.0283129651095242 -0.19907922250631974 -4.53121544478841 -5.0959836495609645 
4.526931943179933 0.3318901901363474 1.0127577622819335 -0.5566820255868286 
0.2800112093325956 -4.634562860395357 0.26716547263383356 -5.925358874982234 
0.0 0.0 0.0 1.0 
185 185 0
1.0934660737577837 -0.8489705844350497 -4.4398795691581325 -5.043473331130969 
4.500798850977177 0.6285274606406459 0.988286458900072 -0.5723823417719369 
0.4196284598016434 -4.529146586276777 0.969388277597945 -5.569808980804275 
0.0 0.0 0.0 1.0 
186 186 0
1.2146014299767203 -1.6461590480453996 -4.176584185844086 -4.854962745291985 
4.454382988198397 0.9804279670403114 0.9089605573607986 -0.6070923826308531 
0.5587417348536764 -4.237673995477564 1.832726338390248 -5.205340459415368 
0.0 0.0 0.0 1.0 
187 187 0
1.3215291709579144 -1.982481510883132 -3.9940327484665086 -4.875573003015407 
4.419859119127957 1.1330372576391603 0.9000300269131359 -0.6384343824629158 
0.5893943103135878 -4.051537803644514 2.2060403250852696 -5.0432709654923755 
0.0 0.0 0.0 1.0 
188 188 0
1.4706233841029086 -2.3675687618320342 -3.7230169573994916 -4.82558342055248 
4.371662532717253 1.3117414531332272 0.8926699936695011 -0.5502566535112875 
0.5956487368098151 -3.781917944898713 2.64031450957634 -4.830946936385718 
0.0 0.0 0.0 1.0 
189 189 0
1.568132521156682 -2.6790931198186057 -3.4629995495903834 -4.691318157669968 
4.338795990594633 1.4441650369281147 0.8474617894928461 -0.5319737009732212 
0.587165370208031 -3.516504534027729 2.986367933076068 -4.679984470378228 
0.0 0.0 0.0 1.0 
190 190 0
1.9683071439123343 -2.7294010051447404 -3.2101529588337256 -4.626696209957097 
4.208448989756914 1.4491780055930716 1.348259566247945 -0.25191946763561907 
0.20903154800379833 -3.4755135318523025 3.0831908232941156 -4.627501058024588 
0.0 0.0 0.0 1.0 
191 191 0
2.5026958299021995 -2.7088341386127293 -2.833317710521174 -4.593634201859867 
3.902687850367623 1.407395840160855 2.1017168651467184 -0.09745009171732799 
-0.3667422436628147 -3.5086162161856214 3.0305196030863817 -4.624260960083239 
0.0 0.0 0.0 1.0 
192 192 0
2.9185338395318356 -2.4136271232371915 -2.6991728571374054 -4.613541513614453 
3.5582100740618223 1.2692838920531182 2.712380418516787 -0.0005825697899817239 
-0.6710084178528775 -3.7672641996759513 2.643183478368456 -4.815165736096324 
0.0 0.0 0.0 1.0 
193 193 0
3.28507807832733 -1.6390459789265273 -2.8549535014381635 -4.857992068993255 
3.237876901792008 0.8804256377606167 3.2202404516818466 0.22791172601406928 
-0.5944363902473034 -4.262317486494959 1.763026737836897 -5.218522317461256 
0.0 0.0 0.0 1.0 
194 194 0
3.404829448794405 -0.8838272394958173 -3.0421982421382054 -5.044886956215222 
3.1595040172161766 0.620851235333493 3.3557451058770775 0.19980972328184765 
-0.23161052886013833 -4.523533887871374 1.054971703717197 -5.5969620976971175 
0.0 0.0 0.0 1.0 
195 195 0
3.4519977402545816 -0.5134132529625801 -3.0739324540020148 -5.154757697607716 
3.1156645761319535 0.4613429227658542 3.421806482241359 0.13007657771767434 
-0.07281949791709462 -4.5991897183513 0.6863889042733581 -5.835006472733196 
0.0 0.0 0.0 1.0 
196 196 0
3.4675992458706393 -0.4216040104335162 -3.070332733350768 -5.100173553837419 
3.098928898063829 0.41737510832477165 3.4425847961035276 -0.025693404063815317 
-0.03653840477203694 -4.612699201748642 0.5921311680193108 -6.03001362636161 
0.0 0.0 0.0 1.0 
197 197 0
3.4733407520741353 -0.4109146389081359 -3.0652925459724862 -5.081976330622821 
3.092432001647325 0.3991525794861203 3.4505785788531558 -0.09180627842704028 
-0.041793894627536986 -4.6152757284967985 0.5713358386196355 -6.176270908606084 
0.0 0.0 0.0 1.0 
198 198 0
3.480996672502131 -0.4085036091156108 -3.0569233337417216 -5.0687909310922015 
3.083710243042349 0.38819878280776887 3.459623343131056 -0.08029149059787044 
-0.04871833823838299 -4.616426105999408 0.5614234740340979 -6.258814980510167 
0.0 0.0 0.0 1.0 
199 199 0
3.464174952872449 -0.41948706744048675 -3.0744894781031213 -5.036871879626579 
3.102586096532742 0.3952162490198207 3.441905634637376 -0.11907897978959955 
-0.049185005481116796 -4.614844558173942 0.5742344840545448 -6.304099214186559 
0.0 0.0 0.0 1.0 
200 200 0
3.4384157673943583 -0.4164463657396622 -3.103683732007693 -5.120857454998217 
3.1312525303316643 0.39957780661833747 3.4153411170816126 -0.2109536758997691 
-0.039165508711705696 -4.614744712924356 0.575810763368173 -6.353535552262853 
0.0 0.0 0.0 1.0 
201 201 0
3.457447792464943 -0.40855640354287476 -3.083519721028639 -5.404714220029158 
3.1102997838965214 0.4058343527128586 3.433699736250245 -0.17800709927216574 
-0.03256837529843107 -4.614904199786681 0.5749425033389466 -6.204036029174814 
0.0 0.0 0.0 1.0 
202 202 0
3.6907256157205044 -0.40348409045404704 -2.800840517300229 -5.769928166548343 
2.8290938591832493 0.42686983986440485 3.666464915042301 0.06015352144723635 
-0.06101607421203887 -4.613453840966543 0.584203642256046 -5.986315961002482 
0.0 0.0 0.0 1.0 
203 203 0
4.218511553798606 -0.36609353793468613 -1.9233047937094185 -5.913986619044195 
1.951229419488036 0.41108463858935235 4.201505656738947 0.7884473164704543 
-0.16073068642021046 -4.6180002309246175 0.5264819867549608 -5.7769307944522215 
0.0 0.0 0.0 1.0 
204 204 0
4.474318101439023 -0.34872026470097545 -1.2197737564379243 -5.847363735508074 
1.2441046510201927 0.33087115809200496 4.468968106995693 1.383391025319217 
-0.24831355622581763 -4.625783946593924 0.4116086108801356 -5.645872501384966 
0.0 0.0 0.0 1.0 
205 205 0
4.584665532729354 -0.3430625091574669 -0.7014888700875084 -5.871961623447 
0.721545547348497 0.26368734196495036 4.586806094885373 1.8254446285584054 
-0.29857564146763 -4.6305235060228 0.3131685732625211 -5.588699103278392 
0.0 0.0 0.0 1.0 
206 206 0
4.624993543475898 -0.3434244865848414 -0.34706047251405675 -5.929916676272074 
0.36431956591834874 0.22646995385377533 4.630866731886208 2.076208719308416 
-0.32505982087874635 -4.63246255317374 0.2521209713009681 -5.594170987382226 
0.0 0.0 0.0 1.0 
207 207 0
4.636135633485901 -0.3673088253937331 0.01747302083648232 -5.969687528742664 
9.686572553939011e-05 0.22220584628169615 4.64538276118839 2.0829767763639566 
-0.3677228158529079 -4.630840590247412 0.2215170821917988 -5.61702175135197 
0.0 0.0 0.0 1.0 
208 208 0
4.609985068144356 -0.5685391462612269 0.2318518714957668 -5.98035584658664 
-0.1953090818512624 0.30708464024691073 4.636433309151982 1.9511433359045314 
-0.5821054539459883 -4.605585447325123 0.2805209370265202 -5.456829489311703 
0.0 0.0 0.0 1.0 
209 209 0
4.526323106367332 -0.9021635830377241 0.5722377464411753 -6.007104635707743 
-0.4877703200145681 0.47115249614904464 4.600982918592029 1.7509482211913974 
-0.9504928364120864 -4.537957864874227 0.3639330327528062 -5.13133467310729 
0.0 0.0 0.0 1.0 
210 210 0
4.4893265230453245 -1.0037737513421394 0.683615193695692 -5.869249592533915 
-0.5845427739778317 0.5087204588040866 4.5856821142011235 1.2752026199740536 
-1.0645204689806038 -4.512494864412327 0.36490520211411165 -5.159860304103935 
0.0 0.0 0.0 1.0 
211 211 0
4.463161133828209 -0.9716723536991226 0.8746384172831524 -5.805801505147527 
-0.7817606487296778 0.5102145632982548 4.556038767657765 0.9735981393338199 
-1.0478516262860091 -4.519344666631014 0.3263071551888123 -5.266299618665969 
0.0 0.0 0.0 1.0 
212 212 0
4.434698798500009 -0.3404466997490677 1.35885580652927 -5.8309333126564376 
-1.3445740823941816 0.23140713527367573 4.446070377247767 1.0338469732996503 
-0.39307919884690445 -4.632440568411363 0.12223203558236798 -5.732683146058691 
0.0 0.0 0.0 1.0 
213 213 0
4.225635778346637 -0.047661035168847496 1.9418250524407854 -5.845365861386013 
-1.9411332051046313 0.06491975270655252 4.225723790548716 1.0063562740291254 
-0.07041179924732079 -4.649998306299783 0.03909323749014168 -5.946890565949376 
0.0 0.0 0.0 1.0 
214 214 0
3.8059313307815175 0.054172480211856715 2.672248375974674 -5.65970876755291 
-2.672145118189143 -0.025544262705645932 3.8063046218025143 1.0777609585936463 
0.05901429388113304 -4.650307566363709 0.01022146805180775 -6.017849795736301 
0.0 0.0 0.0 1.0 
215 215 0
3.2333179854403533 0.20134974333517497 3.3367760868380083 -5.527501379823361 
-3.3346218567004597 -0.1311578173935699 3.239144577663288 1.10723019646754 
0.23434037484054976 -4.6444832043998465 0.05318547115457803 -6.177229048143712 
0.0 0.0 0.0 1.0 
216 216 0
3.0675137746520997 0.17161009689005013 3.491401172032787 -5.509322863217445 
-3.489596287534179 -0.1221639849245814 3.071932989678801 0.7816268350181775 
0.20506544976803737 -4.645921356346333 0.04818879148558167 -6.265566791352979 
0.0 0.0 0.0 1.0 
217 217 0
2.9071972187954067 -0.035445645668238414 3.629866970278216 -5.647863338781249 
-3.6300225136655353 -0.01513934768405565 2.9071748927929866 0.5030485939648794 
-0.010340759592873195 -4.650533363626318 -0.03713034395366738 -6.190151171213163 
0.0 0.0 0.0 1.0 
218 218 0
2.2206922661481716 -0.1780057136843279 4.082380278395637 -5.733577484335022 
-4.084098669702847 0.054284950445531485 2.223994482408711 0.646879564979474 
-0.13277514990718947 -4.646970488961112 -0.13039856677456557 -6.100184177222124 
0.0 0.0 0.0 1.0 
219 219 0
1.3742560565291737 -0.25458253729556096 4.435712444586841 -5.957413620107879 
-4.440434204519291 0.0795732865662912 1.3802849995569944 1.0506741338442782 
-0.15145299639969367 -4.643037902142214 -0.21955900032229564 -5.951099914129646 
0.0 0.0 0.0 1.0 
220 220 0
0.575206374548028 -0.5501899489111831 4.582071875631889 -6.0459913586337 
-4.6066329055531225 0.2092187784098689 0.6034084881049399 1.5152020530881316 
-0.2775178690147645 -4.613293172653117 -0.5191012155418112 -5.646437974284683 
0.0 0.0 0.0 1.0 
221 221 0
-0.010909446329205657 -0.8659812492369309 4.5693438748150355 -6.039327263449032 
-4.636797060261147 0.3548627443547379 0.05618287292858384 1.5935931641295178 
-0.35911805740985286 -4.555557879851794 -0.8642282084961108 -5.346790291029354 
0.0 0.0 0.0 1.0 
222 222 0
-0.4569199210204467 -1.1833761147763981 4.474348959973554 -6.087103904171839 
-4.610425550380581 0.5099676276997047 -0.33593996207345317 1.7004814007229578 
-0.4051510156587435 -4.468615489802744 -1.2232355632896852 -5.0642873453771635 
0.0 0.0 0.0 1.0 
223 223 0
-1.166745554102758 -1.2239814273200487 4.332382776738519 -6.054976008954931 
-4.494445941657528 0.5752022252223591 -1.047883307256711 1.8232795884029702 
-0.26004868434074435 -4.449715456566275 -1.3271664437935085 -5.0304555414064955 
0.0 0.0 0.0 1.0 
224 224 0
-1.5314021789486887 -1.243946759268461 4.211457557879977 -6.085320180030314 
-4.389680083638939 0.5559012786611306 -1.4320112419583235 1.5916166070695117 
-0.12037090883611189 -4.446633377409356 -1.3571818897948165 -5.072651467180284 
0.0 0.0 0.0 1.0 
225 225 0
-1.6946370164481979 -1.249936565677749 4.146662814109985 -6.246136123539362 
-4.33058765315781 0.5469468744741594 -1.604934282588944 1.1013120677829233 
-0.05632238036041752 -4.446060228718226 -1.363202533366842 -5.079626371205967 
0.0 0.0 0.0 1.0 
226 226 0
-2.012420986686757 -1.2219491501761344 4.010729368073591 -6.27529821918435 
-4.19268646381357 0.5622753100300678 -1.9324079072039648 0.8448542245333085 
0.022829046756469216 -4.451927179998521 -1.344912923188241 -5.131274581612106 
0.0 0.0 0.0 1.0 
227 227 0
-2.7887031651745486 -0.8932807307967952 3.613053853435302 -6.47560054581689 
-3.719105348754881 0.4957595506895137 -2.7479888309053995 1.1646246338026325 
0.14267091736368187 -4.537094858298815 -1.0116189455977966 -5.3036951676179545 
0.0 0.0 0.0 1.0 
228 228 0
-3.4818140376123923 -0.7302507567091462 2.9954409795632886 -6.513188490207748 
-3.071223247528698 0.42409269752625267 -3.4665103418263747 1.5065321842133184 
0.2711594850723646 -4.573383023466741 -0.7997451626512764 -5.399495695323293 
0.0 0.0 0.0 1.0 
229 229 0
-4.051239173932028 -0.6689785310886935 2.1837757334726806 -6.376684883167609 
-2.246978102696785 0.3706092133900079 -4.054959350979336 1.9854296650450545 
0.4092615321656354 -4.587382737704807 -0.64605452154486 -5.4506882717034015 
0.0 0.0 0.0 1.0 
230 230 0
-4.398436401144786 -0.6291366162103307 1.373647924201809 -6.1212549793222335 
-1.4272048484074638 0.3426206659610263 -4.413008225265602 2.196697430557187 
0.49578427480612713 -4.595186323671076 -0.5171052285389426 -5.523498841631111 
0.0 0.0 0.0 1.0 
231 231 0
-4.537050510403713 -0.6266961104386386 0.8070921183956324 -6.194645291368396 
-0.8552207528947471 0.3185321428013599 -4.560274417569099 2.1800504840132366 
0.5592335160597101 -4.597254667389088 -0.4259925039588547 -5.524028778236028 
0.0 0.0 0.0 1.0 
232 232 0
-4.603105562181792 -0.5989124983116613 0.28579921663548347 -6.279343149038377 
-0.3289688936919142 0.31992394511709116 -4.62799991195834 2.0644316406095213 
0.5763275949259022 -4.600860742068897 -0.359014098580557 -5.535762851131999 
0.0 0.0 0.0 1.0 
233 233 0
-4.581839599438493 -0.7971056415238456 -0.018471809868869194 -6.3277792135581645 
-0.05288163162790375 0.41131458599296344 -4.6321666707063995 1.7935081364281489 
0.7955630265697858 -4.563375350973525 -0.4142884994048403 -5.3382015737929915 
0.0 0.0 0.0 1.0 
234 234 0
-4.476935722336063 -1.247460326748333 -0.17280645867170397 -6.559097095936601 
0.0013487562063742061 0.6333991197402092 -4.607358761248833 1.5967384243342186 
1.2593732488204323 -4.435269086414859 -0.6093727254283016 -4.828138154425858 
0.0 0.0 0.0 1.0 
235 235 0
-4.341660270344847 -1.594921123063567 -0.48494723923932753 -6.850009920880824 
0.2042766211343812 0.8337037306472255 -4.570794167255592 1.62510514872544 
1.654454345853391 -4.288373107829049 -0.708248767865543 -4.292240595818697 
0.0 0.0 0.0 1.0 
236 236 0
-4.273442910343876 -1.628684983114755 -0.8450109696524718 -7.130862931339863 
0.5361543290116313 0.9399099027336856 -4.5230606972592575 1.5909651427312985 
1.7547642533976167 -4.2535743979724225 -0.675902142663865 -4.0647029894152125 
0.0 0.0 0.0 1.0 
237 237 0
-4.02261360841423 -1.630975705927928 -1.6695706083666577 -7.0266751363261015 
1.396856597799929 0.9828816387972381 -4.3257004320594925 2.062693062224466 
1.8698551139915927 -4.242970353027872 -0.36027173984394 -3.9459501407511377 
0.0 0.0 0.0 1.0 
238 238 0
-3.487690979121384 -1.634015524338154 -2.606714915223776 -6.464392855821488 
2.4490600560074833 0.9103086876089884 -3.8473876126974305 2.5579628289598464 
1.8620048781257736 -4.257966652143906 0.17780789626622912 -4.0023576938419705 
0.0 0.0 0.0 1.0 
239 239 0
-3.2451943755809505 -1.1808395877222624 -3.1150126492337953 -6.384424657399535 
3.0530822445105357 0.6856092158100326 -3.440576774477718 2.6169055465364774 
1.3328019064836858 -4.445730210776491 0.29678675495658424 -4.664457290259696 
0.0 0.0 0.0 1.0 
240 240 0
-3.2847609416372543 -0.4503754924303492 -3.2613626473114063 -6.592374799362392 
3.233776288560431 0.42352129663612614 -3.315462230273224 2.216656309160869 
0.6180705219695932 -4.609419704272074 0.014029962149629207 -5.417975541234195 
0.0 0.0 0.0 1.0 
241 241 0
-3.162156103657019 -0.05088628568665887 -3.4098583623958625 -6.458637087273645 
3.402769204541615 0.2604907487990772 -3.1594713963992294 1.802572359593131 
0.22555967117397074 -4.643112697435941 -0.13988421636659562 -5.877610217141904 
0.0 0.0 0.0 1.0 
242 242 0
-2.850637681328437 0.037225356201294225 -3.6744291332805017 -6.045410417008057 
3.6716588698402703 0.21548228763257965 -2.846306483163447 1.4682096080709282 
0.14746617773286555 -4.645552076130542 -0.1614686677607626 -6.04304522199583 
0.0 0.0 0.0 1.0 
243 243 0
-2.4901727430839142 0.04667937657878056 -3.927571167166405 -5.781511850579962 
3.925290319339964 0.19745737691942924 -2.4863772744651285 1.1555403390582386 
0.14179964573636514 -4.646265987071174 -0.14512532814757553 -6.1066746512919545 
0.0 0.0 0.0 1.0 
244 244 0
-1.9372099990359815 0.027988677808838704 -4.227927841319426 -5.472530511078654 
4.224667079315159 0.19811100637358775 -1.9344009269258016 0.9243530299718409 
0.16846046375307996 -4.646387369466142 -0.10794635406997365 -6.112906584826504 
0.0 0.0 0.0 1.0 
245 245 0
-1.457551626061718 0.03215096015547793 -4.416273500694331 -5.320023455460573 
4.412925583447745 0.19477404142061763 -1.4550262863794565 0.7319424519070498 
0.17489787070836504 -4.646503436178541 -0.09155041197268737 -6.20219432718845 
0.0 0.0 0.0 1.0 
246 246 0
-1.3657358277081189 0.025986220308531042 -4.445565316528527 -5.215387609891927 
4.441879303510439 0.19927971290416194 -1.3634374630329567 0.37222003939831905 
0.18287197284763032 -4.646348567412733 -0.08334057096899518 -6.411940949188371 
0.0 0.0 0.0 1.0 
247 247 0
-1.0477417208060764 0.04571760961610752 -4.53090732733039 -5.14233677601866 
4.527021513490075 0.20866272566280458 -1.0447407895384038 0.13041231919403184 
0.19301818595232784 -4.645786461436663 -0.09151076750982257 -6.466687500880644 
0.0 0.0 0.0 1.0 
248 248 0
-0.23916095576538898 0.04292496494148624 -4.644342847195966 -4.987853815381319 
4.64077408495737 0.18941979171966397 -0.23722847316465243 0.3393580603106363 
0.18697136092462982 -4.646635360201975 -0.05257433485978384 -6.358948323546678 
0.0 0.0 0.0 1.0 
249 249 0
-0.08707342136914908 -0.17584942912327609 -4.646552202928437 -4.974509610134383 
4.641509065028797 0.2754513468148896 -0.0974074032730978 0.331917936381647 
0.27888953429925917 -4.639196581622679 0.1703447348643624 -6.177588471519509 
0.0 0.0 0.0 1.0 
250 250 0
0.03175090040767165 -0.6150645232010201 -4.609733516737859 -5.082092141937336 
4.625427209729398 0.4830523879762934 -0.032592467727295106 0.1902445648712202 
0.48310858999843487 -4.584462303342536 0.6150196252752979 -5.898155185376336 
0.0 0.0 0.0 1.0 
251 251 0
0.19527558816980264 -1.0234642137550818 -4.532476406664498 -4.966474642406023 
4.600693272772375 0.678659579909385 0.04497107215729456 0.04180501456132718 
0.6515119796462472 -4.485633514430004 1.0409545661502084 -5.648272178348066 
0.0 0.0 0.0 1.0 
252 252 0
0.3858162204554224 -1.3156799382244158 -4.443993322424459 -4.992997188058189 
4.574094216025399 0.8266951085946512 0.15236127641192138 -0.05982175993533978 
0.746850318934916 -4.383437201216063 1.3625898831321888 -5.419520603029944 
0.0 0.0 0.0 1.0 
253 253 0
0.8652906482884712 -1.4127643004181 -4.3456088645758655 -5.1126334120418395 
4.516099205787718 0.9385355898990942 0.5941172244697966 -0.149734360113804 
0.6964880862350219 -4.330380872753845 1.5464986584097091 -5.269134725735592 
0.0 0.0 0.0 1.0 
254 254 0
1.5770299677973578 -1.395285152971538 -4.1466999902149935 -5.114889560373481 
4.358037583787452 0.89042495133291 1.3577914450720654 -0.02967018985267572 
0.3865692630950285 -4.346181764063327 1.6094243962619077 -5.26701770705399 
0.0 0.0 0.0 1.0 
255 255 0
2.34519073256203 -1.3898079170433382 -3.767956209797544 -5.114647622236573 
4.015953611216756 0.7743289747161287 2.2139334357370326 0.2210786609562685 
-0.03425442247831414 -4.370101100581687 1.5905923139527385 -5.248785074331305 
0.0 0.0 0.0 1.0 
256 256 0
2.667898537126117 -1.2277229108477579 -3.606100582320237 -5.242586080623104 
3.807051452662763 0.7059064377353453 2.5762373685780156 0.4068323754838433 
-0.13274119584613578 -4.429822416159007 1.4099606883813607 -5.321787370584022 
0.0 0.0 0.0 1.0 
257 257 0
2.689476677698353 -0.7281513061318019 -3.7236351576882702 -5.3698039802337 
3.7941576248581628 0.5097496613357079 2.6407365040567625 0.4213795769687301 
-0.005318366362104376 -4.56496477752974 0.8888312312035481 -5.6360831616596725 
0.0 0.0 0.0 1.0 
258 258 0
2.654333891752519 -0.2650837860497232 -3.809623647619575 -5.424348187656056 
3.81711313040106 0.3233726489714451 2.6370502887333864 0.44007969616978027 
0.11458256735615771 -4.6318580992196035 0.4021322161843226 -5.932153192829319 
0.0 0.0 0.0 1.0 
259 259 0
2.5574021166979968 0.24012401337650394 -3.8769843883056727 -5.456700898793305 
3.877572564844489 0.11756600417631978 2.5650680475981735 0.38315921253425034 
0.2304465416638892 -4.64300527945022 -0.13555706310603433 -6.2237103875447435 
0.0 0.0 0.0 1.0 
260 260 0
2.4494232199189607 0.46698364817023524 -3.9257114043597765 -5.457752871120077 
3.944503662028878 0.020749706509942026 2.4636162711307463 0.3324550807795412 
0.2648910953621231 -4.6271420907331695 -0.3851456336611814 -6.351316475806884 
0.0 0.0 0.0 1.0 
261 261 0
2.418379552746927 0.5101790019099864 -3.939557929252209 -5.4508573866178 
3.962922583453951 0.009442525793932007 2.4339474682120774 0.32478406624876655 
0.27500173637861414 -4.622617340418918 -0.4298206243725464 -6.3750057504847915 
0.0 0.0 0.0 1.0 
262 262 0
2.4136450136650818 0.5190696324442848 -3.94129952443775 -5.445786696727475 
3.965676482376321 0.006781255102924218 2.4294668366936616 0.3230344081303641 
0.27690255887213605 -4.62163231235709 -0.4390946744055619 -6.3781742606009155 
0.0 0.0 0.0 1.0 
